2026-01-21 06:54:00,068 [INFO] 🚀 ETL Pipeline started
2026-01-21 06:54:00,068 [INFO] Starting Bronze Layer...
2026-01-21 06:54:01,689 [INFO] ✅ Bronze Layer completed successfully.
2026-01-21 06:54:01,690 [INFO] Starting Silver Layer...
2026-01-21 06:54:38,867 [INFO] ✅ Silver Layer completed successfully.
2026-01-21 06:54:38,867 [INFO] Starting Gold Layer...
2026-01-21 06:54:40,070 [INFO] ✅ Gold Layer completed successfully.
2026-01-21 06:54:40,070 [INFO] ETL Pipeline completed in 40.00 seconds.
2026-01-21 06:58:16,425 [INFO] 🚀 ETL Job Triggered
2026-01-21 06:58:16,425 [INFO] 🚀 ETL Pipeline started
2026-01-21 06:58:16,425 [INFO] Starting Bronze Layer...
2026-01-21 06:58:18,103 [INFO] ✅ Bronze Layer completed successfully.
2026-01-21 06:58:18,103 [INFO] Starting Silver Layer...
2026-01-21 06:58:55,096 [INFO] ✅ Silver Layer completed successfully.
2026-01-21 06:58:55,097 [INFO] Starting Gold Layer...
2026-01-21 06:58:56,319 [INFO] ✅ Gold Layer completed successfully.
2026-01-21 06:58:56,319 [INFO] ETL Pipeline completed in 39.89 seconds.
2026-01-21 06:58:56,319 [INFO] ✅ ETL Job Completed Successfully
2026-01-21 06:58:56,320 [INFO] ETL Automation Service Started. Waiting for scheduled runs...
2026-01-21 07:12:14,743 [INFO] 🚀 ETL Pipeline started
2026-01-21 07:12:14,743 [INFO] Starting Bronze Layer...
2026-01-21 07:12:16,403 [INFO] ✅ Bronze Layer completed successfully.
2026-01-21 07:12:16,404 [INFO] Starting Silver Layer...
2026-01-21 07:12:56,420 [INFO] ✅ Silver Layer completed successfully.
2026-01-21 07:12:56,420 [INFO] Starting Gold Layer...
2026-01-21 07:12:57,838 [INFO] ✅ Gold Layer completed successfully.
2026-01-21 07:12:57,838 [INFO] ETL Pipeline completed in 43.10 seconds.
2026-01-21 07:20:37,480 [INFO] 🚀 ETL Job Triggered
2026-01-21 07:20:37,480 [INFO] 🚀 ETL Pipeline started
2026-01-21 07:20:37,481 [INFO] Starting Bronze Layer...
2026-01-21 07:20:39,025 [INFO] ✅ Bronze Layer completed successfully.
2026-01-21 07:20:39,025 [INFO] Starting Silver Layer...
2026-01-21 07:21:22,422 [INFO] ✅ Silver Layer completed successfully.
2026-01-21 07:21:22,422 [INFO] Starting Gold Layer...
2026-01-21 07:21:23,679 [INFO] ✅ Gold Layer completed successfully.
2026-01-21 07:21:23,679 [INFO] ETL Pipeline completed in 46.20 seconds.
2026-01-21 07:21:23,679 [INFO] ✅ ETL Job Completed Successfully
2026-01-21 07:21:23,679 [INFO] ETL Automation Service Started. Waiting for scheduled runs...
2026-01-21 07:48:46,829 [INFO] ETL Job Triggered
2026-01-21 07:48:46,829 [INFO] 🚀 ETL Pipeline started
2026-01-21 07:48:46,829 [INFO] Starting Bronze Layer...
2026-01-21 07:48:48,548 [INFO] ✅ Bronze Layer completed successfully.
2026-01-21 07:48:48,548 [INFO] Starting Silver Layer...
2026-01-21 07:49:26,021 [INFO] ✅ Silver Layer completed successfully.
2026-01-21 07:49:26,022 [INFO] Starting Gold Layer...
2026-01-21 07:49:27,338 [INFO] ✅ Gold Layer completed successfully.
2026-01-21 07:49:27,339 [INFO] ETL Pipeline completed in 40.51 seconds.
2026-01-21 07:49:27,339 [INFO] ETL Job Completed Successfully
2026-01-21 07:49:27,339 [INFO] ETL Automation Service Started. Waiting for scheduled runs...
2026-01-21 12:29:31,581 [INFO]  ETL Pipeline started
2026-01-21 12:29:31,581 [INFO] Starting Bronze Layer...
2026-01-21 12:29:33,012 [INFO]  Bronze Layer completed successfully.
2026-01-21 12:29:33,012 [INFO] Starting Silver Layer...
2026-01-21 12:30:10,843 [INFO]  Silver Layer completed successfully.
2026-01-21 12:30:10,843 [INFO] Starting Gold Layer...
2026-01-21 12:30:12,076 [INFO]  Gold Layer completed successfully.
2026-01-21 12:30:12,076 [INFO] ETL Pipeline completed in 40.50 seconds.
